2022-05-17 14:58:12,293: INFO: [3589819467.py:23]: Hyper Paramters: {'lr0': 0.0001, 'warmup_lr': 1e-05, 'warm_epoch': 5.0, 'num_classes': 15.0, 'epochs': 100.0, 'batch_size': 2.0, 'save_interval': 5.0, 'test_interval': 4.0}
2022-05-17 14:58:12,302: INFO: [3589819467.py:29]: Train path:/home/aistudio/data/DOTA/trainval.txt  batch size:8
2022-05-17 14:58:16,451: INFO: [download.py:117]: unique_endpoints {''}
2022-05-17 14:58:16,451: INFO: [download.py:269]: File /home/aistudio/.cache/paddle/hapi/weights/resnet50.pdparams md5 checking...
2022-05-17 14:58:16,789: INFO: [download.py:154]: Found /home/aistudio/.cache/paddle/hapi/weights/resnet50.pdparams
2022-05-17 15:33:21,277: INFO: [3589819467.py:186]:      14/99    0.0001     0.661     0.968      1.63        16       800         0         0         0         0

2022-05-17 16:44:04,543: INFO: [1339235668.py:23]: Hyper Paramters: {'lr0': 0.0001, 'warmup_lr': 1e-05, 'warm_epoch': 5.0, 'num_classes': 15.0, 'epochs': 100.0, 'batch_size': 2.0, 'save_interval': 5.0, 'test_interval': 4.0}
2022-05-17 16:44:04,559: INFO: [1339235668.py:29]: Train path:/home/aistudio/data/DOTA/trainval.txt  batch size:8
2022-05-17 16:44:12,112: INFO: [download.py:117]: unique_endpoints {''}
2022-05-17 16:44:12,112: INFO: [download.py:250]: Downloading resnet50.pdparams from https://paddle-hapi.bj.bcebos.com/models/resnet50.pdparams
2022-05-17 16:44:30,939: INFO: [download.py:269]: File /home/aistudio/.cache/paddle/hapi/weights/resnet50.pdparams md5 checking...
2022-05-17 16:46:07,115: INFO: [1339235668.py:23]: Hyper Paramters: {'lr0': 0.0001, 'warmup_lr': 1e-05, 'warm_epoch': 5.0, 'num_classes': 15.0, 'epochs': 100.0, 'batch_size': 2.0, 'save_interval': 5.0, 'test_interval': 4.0}
2022-05-17 16:46:07,123: INFO: [1339235668.py:29]: Train path:/home/aistudio/data/DOTA/trainval.txt  batch size:8
2022-05-17 16:46:11,265: INFO: [download.py:117]: unique_endpoints {''}
2022-05-17 16:46:11,266: INFO: [download.py:269]: File /home/aistudio/.cache/paddle/hapi/weights/resnet50.pdparams md5 checking...
2022-05-17 16:46:11,609: INFO: [download.py:154]: Found /home/aistudio/.cache/paddle/hapi/weights/resnet50.pdparams
2022-05-17 17:21:35,689: INFO: [1339235668.py:186]:      15/99    0.0001     0.648     0.937      1.59        16       800         0         0         0         0

2022-05-17 18:10:11,641: INFO: [1339235668.py:186]:      16/99    0.0001     0.642     0.924      1.57         6       800         0         0     0.686         0

2022-05-17 18:12:27,412: INFO: [1339235668.py:23]: Hyper Paramters: {'lr0': 0.0001, 'warmup_lr': 1e-05, 'warm_epoch': 5.0, 'num_classes': 15.0, 'epochs': 100.0, 'batch_size': 8.0, 'save_interval': 5.0, 'test_interval': 5.0}
2022-05-17 18:12:27,420: INFO: [1339235668.py:29]: Train path:/home/aistudio/data/DOTA/trainval.txt  batch size:8
2022-05-17 18:12:31,570: INFO: [download.py:117]: unique_endpoints {''}
2022-05-17 18:12:31,570: INFO: [download.py:269]: File /home/aistudio/.cache/paddle/hapi/weights/resnet50.pdparams md5 checking...
2022-05-17 18:12:31,908: INFO: [download.py:154]: Found /home/aistudio/.cache/paddle/hapi/weights/resnet50.pdparams
2022-05-17 18:48:56,435: INFO: [1339235668.py:186]:      17/99    0.0001     0.638     0.916      1.55        16       800         0         0         0         0

2022-05-17 19:25:01,473: INFO: [1339235668.py:186]:      18/99    0.0001      0.63     0.891      1.52         6       800         0         0         0         0

2022-05-17 19:43:53,385: INFO: [1339235668.py:23]: Hyper Paramters: {'lr0': 0.0001, 'warmup_lr': 1e-05, 'warm_epoch': 5.0, 'num_classes': 15.0, 'epochs': 100.0, 'batch_size': 8.0, 'save_interval': 5.0, 'test_interval': 5.0}
2022-05-17 19:43:53,394: INFO: [1339235668.py:29]: Train path:/home/aistudio/data/DOTA/trainval.txt  batch size:8
2022-05-17 19:43:57,849: INFO: [download.py:117]: unique_endpoints {''}
2022-05-17 19:43:57,849: INFO: [download.py:269]: File /home/aistudio/.cache/paddle/hapi/weights/resnet50.pdparams md5 checking...
2022-05-17 19:43:58,195: INFO: [download.py:154]: Found /home/aistudio/.cache/paddle/hapi/weights/resnet50.pdparams
2022-05-17 20:19:58,737: INFO: [1339235668.py:186]:      19/99    0.0001     0.618     0.879       1.5        16       800         0         0         0         0

2022-05-17 21:11:14,276: INFO: [1339235668.py:186]:      20/99    0.0001     0.623     0.864      1.49         6       800         0         0     0.727         0

2022-05-17 21:13:42,247: INFO: [1339235668.py:23]: Hyper Paramters: {'lr0': 0.0001, 'warmup_lr': 1e-05, 'warm_epoch': 5.0, 'num_classes': 15.0, 'epochs': 100.0, 'batch_size': 8.0, 'save_interval': 5.0, 'test_interval': 5.0}
2022-05-17 21:13:42,255: INFO: [1339235668.py:29]: Train path:/home/aistudio/data/DOTA/trainval.txt  batch size:8
2022-05-17 21:13:46,570: INFO: [download.py:117]: unique_endpoints {''}
2022-05-17 21:13:46,570: INFO: [download.py:269]: File /home/aistudio/.cache/paddle/hapi/weights/resnet50.pdparams md5 checking...
2022-05-17 21:13:46,909: INFO: [download.py:154]: Found /home/aistudio/.cache/paddle/hapi/weights/resnet50.pdparams
2022-05-17 21:49:53,276: INFO: [1339235668.py:186]:      21/99    0.0001     0.606     0.854      1.46        16       800         0         0         0         0

2022-05-17 22:25:27,804: INFO: [1339235668.py:186]:      22/99    0.0001     0.594     0.837      1.43         6       800         0         0         0         0

2022-05-17 22:27:01,973: INFO: [1339235668.py:23]: Hyper Paramters: {'lr0': 0.0001, 'warmup_lr': 1e-05, 'warm_epoch': 5.0, 'num_classes': 15.0, 'epochs': 100.0, 'batch_size': 8.0, 'save_interval': 5.0, 'test_interval': 5.0}
2022-05-17 22:27:01,981: INFO: [1339235668.py:29]: Train path:/home/aistudio/data/DOTA/trainval.txt  batch size:8
2022-05-17 22:27:06,225: INFO: [download.py:117]: unique_endpoints {''}
2022-05-17 22:27:06,225: INFO: [download.py:269]: File /home/aistudio/.cache/paddle/hapi/weights/resnet50.pdparams md5 checking...
2022-05-17 22:27:06,565: INFO: [download.py:154]: Found /home/aistudio/.cache/paddle/hapi/weights/resnet50.pdparams
2022-05-17 23:03:08,762: INFO: [1339235668.py:186]:      23/99    0.0001     0.594     0.823      1.42        16       800         0         0         0         0

2022-05-17 23:36:04,341: INFO: [1339235668.py:23]: Hyper Paramters: {'lr0': 0.0001, 'warmup_lr': 1e-05, 'warm_epoch': 5.0, 'num_classes': 15.0, 'epochs': 100.0, 'batch_size': 8.0, 'save_interval': 5.0, 'test_interval': 5.0}
2022-05-17 23:36:04,356: INFO: [1339235668.py:29]: Train path:/home/aistudio/data/DOTA/trainval.txt  batch size:8
2022-05-17 23:36:08,547: INFO: [download.py:117]: unique_endpoints {''}
2022-05-17 23:36:08,548: INFO: [download.py:269]: File /home/aistudio/.cache/paddle/hapi/weights/resnet50.pdparams md5 checking...
2022-05-17 23:36:09,611: INFO: [download.py:154]: Found /home/aistudio/.cache/paddle/hapi/weights/resnet50.pdparams
2022-05-18 00:11:22,003: INFO: [1339235668.py:186]:      24/99    0.0001     0.588      0.81       1.4        16       800         0         0         0         0

2022-05-18 00:26:35,659: INFO: [1339235668.py:23]: Hyper Paramters: {'lr0': 0.0001, 'warmup_lr': 1e-05, 'warm_epoch': 5.0, 'num_classes': 15.0, 'epochs': 100.0, 'batch_size': 8.0, 'save_interval': 5.0, 'test_interval': 5.0}
2022-05-18 00:26:35,667: INFO: [1339235668.py:29]: Train path:/home/aistudio/data/DOTA/trainval.txt  batch size:8
2022-05-18 00:26:40,251: INFO: [download.py:117]: unique_endpoints {''}
2022-05-18 00:26:40,251: INFO: [download.py:269]: File /home/aistudio/.cache/paddle/hapi/weights/resnet50.pdparams md5 checking...
2022-05-18 00:26:40,627: INFO: [download.py:154]: Found /home/aistudio/.cache/paddle/hapi/weights/resnet50.pdparams
2022-05-18 01:14:41,509: INFO: [1339235668.py:186]:      25/99    0.0001     0.575     0.794      1.37        16       800         0         0     0.757         0

2022-05-18 01:48:59,587: INFO: [1339235668.py:186]:      26/99    0.0001     0.572     0.775      1.35         6       800         0         0     0.757         0

2022-05-18 02:23:10,006: INFO: [1339235668.py:186]:      27/99    0.0001     0.573     0.767      1.34        86       800         0         0     0.757         0

2022-05-18 08:45:12,962: INFO: [1339235668.py:23]: Hyper Paramters: {'lr0': 0.0001, 'warmup_lr': 1e-05, 'warm_epoch': 5.0, 'num_classes': 15.0, 'epochs': 100.0, 'batch_size': 8.0, 'save_interval': 5.0, 'test_interval': 5.0}
2022-05-18 08:45:12,970: INFO: [1339235668.py:29]: Train path:/home/aistudio/data/DOTA/trainval.txt  batch size:8
2022-05-18 08:45:17,112: INFO: [download.py:117]: unique_endpoints {''}
2022-05-18 08:45:17,113: INFO: [download.py:269]: File /home/aistudio/.cache/paddle/hapi/weights/resnet50.pdparams md5 checking...
2022-05-18 08:45:17,452: INFO: [download.py:154]: Found /home/aistudio/.cache/paddle/hapi/weights/resnet50.pdparams
2022-05-18 09:19:33,018: INFO: [1339235668.py:186]:      28/99    0.0001     0.563      0.75      1.31        16       800         0         0         0         0

2022-05-18 09:55:35,429: INFO: [1339235668.py:186]:      29/99    0.0001     0.554     0.743       1.3         6       800         0         0         0         0

2022-05-18 09:59:38,304: INFO: [1339235668.py:23]: Hyper Paramters: {'lr0': 0.0001, 'warmup_lr': 1e-05, 'warm_epoch': 5.0, 'num_classes': 15.0, 'epochs': 100.0, 'batch_size': 8.0, 'save_interval': 5.0, 'test_interval': 5.0}
2022-05-18 09:59:38,312: INFO: [1339235668.py:29]: Train path:/home/aistudio/data/DOTA/trainval.txt  batch size:8
2022-05-18 09:59:42,598: INFO: [download.py:117]: unique_endpoints {''}
2022-05-18 09:59:42,598: INFO: [download.py:269]: File /home/aistudio/.cache/paddle/hapi/weights/resnet50.pdparams md5 checking...
2022-05-18 09:59:42,946: INFO: [download.py:154]: Found /home/aistudio/.cache/paddle/hapi/weights/resnet50.pdparams
2022-05-18 10:50:40,464: INFO: [1339235668.py:186]:      30/99    0.0001     0.555     0.728      1.28        16       800         0         0     0.785         0

2022-05-18 11:25:43,402: INFO: [1339235668.py:186]:      31/99    0.0001     0.548     0.719      1.27         6       800         0         0     0.785         0

2022-05-18 12:01:42,323: INFO: [1339235668.py:186]:      32/99    0.0001      0.56     0.724      1.28        86       800         0         0     0.785         0

2022-05-18 12:02:41,050: INFO: [1339235668.py:23]: Hyper Paramters: {'lr0': 0.0001, 'warmup_lr': 1e-05, 'warm_epoch': 5.0, 'num_classes': 15.0, 'epochs': 100.0, 'batch_size': 8.0, 'save_interval': 5.0, 'test_interval': 5.0}
2022-05-18 12:02:41,058: INFO: [1339235668.py:29]: Train path:/home/aistudio/data/DOTA/trainval.txt  batch size:8
2022-05-18 12:02:45,230: INFO: [download.py:117]: unique_endpoints {''}
2022-05-18 12:02:45,230: INFO: [download.py:269]: File /home/aistudio/.cache/paddle/hapi/weights/resnet50.pdparams md5 checking...
2022-05-18 12:02:45,574: INFO: [download.py:154]: Found /home/aistudio/.cache/paddle/hapi/weights/resnet50.pdparams
2022-05-18 12:36:41,260: INFO: [1339235668.py:186]:      33/99    0.0001     0.541      0.71      1.25        16       800         0         0         0         0

2022-05-18 13:10:37,979: INFO: [1339235668.py:186]:      34/99    0.0001     0.527     0.716      1.24         6       800         0         0         0         0

2022-05-18 13:12:04,695: INFO: [1339235668.py:23]: Hyper Paramters: {'lr0': 0.0001, 'warmup_lr': 1e-05, 'warm_epoch': 5.0, 'num_classes': 15.0, 'epochs': 100.0, 'batch_size': 8.0, 'save_interval': 5.0, 'test_interval': 5.0}
2022-05-18 13:12:04,703: INFO: [1339235668.py:29]: Train path:/home/aistudio/data/DOTA/trainval.txt  batch size:8
2022-05-18 13:12:08,901: INFO: [download.py:117]: unique_endpoints {''}
2022-05-18 13:12:08,901: INFO: [download.py:269]: File /home/aistudio/.cache/paddle/hapi/weights/resnet50.pdparams md5 checking...
2022-05-18 13:12:09,246: INFO: [download.py:154]: Found /home/aistudio/.cache/paddle/hapi/weights/resnet50.pdparams
2022-05-18 14:02:11,926: INFO: [1339235668.py:186]:      35/99    0.0001     0.528     0.703      1.23        16       800         0         0     0.783         0

2022-05-18 14:37:04,858: INFO: [1339235668.py:186]:      36/99    0.0001     0.522     0.694      1.22         6       800         0         0     0.783         0

2022-05-18 14:38:01,240: INFO: [1339235668.py:23]: Hyper Paramters: {'lr0': 0.0001, 'warmup_lr': 1e-05, 'warm_epoch': 5.0, 'num_classes': 15.0, 'epochs': 100.0, 'batch_size': 8.0, 'save_interval': 5.0, 'test_interval': 5.0}
2022-05-18 14:38:01,248: INFO: [1339235668.py:29]: Train path:/home/aistudio/data/DOTA/trainval.txt  batch size:8
2022-05-18 14:38:05,450: INFO: [download.py:117]: unique_endpoints {''}
2022-05-18 14:38:05,450: INFO: [download.py:269]: File /home/aistudio/.cache/paddle/hapi/weights/resnet50.pdparams md5 checking...
2022-05-18 14:38:05,794: INFO: [download.py:154]: Found /home/aistudio/.cache/paddle/hapi/weights/resnet50.pdparams
2022-05-18 14:40:06,539: INFO: [1339235668.py:23]: Hyper Paramters: {'lr0': 0.0001, 'warmup_lr': 1e-05, 'warm_epoch': 5.0, 'num_classes': 15.0, 'epochs': 100.0, 'batch_size': 8.0, 'save_interval': 5.0, 'test_interval': 2.0}
2022-05-18 14:40:06,547: INFO: [1339235668.py:29]: Train path:/home/aistudio/data/DOTA/trainval.txt  batch size:8
2022-05-18 14:40:11,753: INFO: [download.py:117]: unique_endpoints {''}
2022-05-18 14:40:11,753: INFO: [download.py:269]: File /home/aistudio/.cache/paddle/hapi/weights/resnet50.pdparams md5 checking...
2022-05-18 14:40:12,147: INFO: [download.py:154]: Found /home/aistudio/.cache/paddle/hapi/weights/resnet50.pdparams
2022-05-18 15:14:59,530: INFO: [1339235668.py:186]:      37/99    0.0001     0.549     0.704      1.25        16       800         0         0         0         0

2022-05-18 16:05:07,600: INFO: [1339235668.py:186]:      38/99    0.0001     0.523     0.695      1.22         6       800         0         0     0.782         0

2022-05-18 16:39:50,788: INFO: [1339235668.py:186]:      39/99    0.0001     0.516     0.685       1.2        82       800         0         0     0.782         0

2022-05-18 17:36:46,463: INFO: [1339235668.py:23]: Hyper Paramters: {'lr0': 0.0001, 'warmup_lr': 1e-05, 'warm_epoch': 5.0, 'num_classes': 15.0, 'epochs': 100.0, 'batch_size': 8.0, 'save_interval': 5.0, 'test_interval': 2.0}
2022-05-18 17:36:46,489: INFO: [1339235668.py:29]: Train path:/home/aistudio/data/DOTA/trainval.txt  batch size:8
2022-05-18 17:36:50,927: INFO: [download.py:117]: unique_endpoints {''}
2022-05-18 17:36:50,928: INFO: [download.py:269]: File /home/aistudio/.cache/paddle/hapi/weights/resnet50.pdparams md5 checking...
2022-05-18 17:36:51,274: INFO: [download.py:154]: Found /home/aistudio/.cache/paddle/hapi/weights/resnet50.pdparams
2022-05-18 18:26:56,125: INFO: [1339235668.py:186]:      40/99    0.0001     0.515     0.694      1.21        16       800         0         0     0.789         0

2022-05-18 19:01:42,832: INFO: [1339235668.py:186]:      41/99    0.0001     0.509     0.689       1.2         6       800         0         0     0.789         0

2022-05-18 19:51:36,846: INFO: [1339235668.py:186]:      42/99    0.0001     0.505     0.695       1.2        86       800         0         0     0.808         0

2022-05-18 21:28:53,311: INFO: [1339235668.py:23]: Hyper Paramters: {'lr0': 0.0001, 'warmup_lr': 1e-05, 'warm_epoch': 5.0, 'num_classes': 15.0, 'epochs': 100.0, 'batch_size': 8.0, 'save_interval': 5.0, 'test_interval': 2.0}
2022-05-18 21:28:53,326: INFO: [1339235668.py:29]: Train path:/home/aistudio/data/DOTA/trainval.txt  batch size:8
2022-05-18 21:28:57,591: INFO: [download.py:117]: unique_endpoints {''}
2022-05-18 21:28:57,591: INFO: [download.py:269]: File /home/aistudio/.cache/paddle/hapi/weights/resnet50.pdparams md5 checking...
2022-05-18 21:28:58,644: INFO: [download.py:154]: Found /home/aistudio/.cache/paddle/hapi/weights/resnet50.pdparams
2022-05-18 22:04:30,359: INFO: [1339235668.py:186]:      43/99    0.0001     0.496      0.68      1.18        16       800         0         0         0         0

2022-05-18 22:55:58,891: INFO: [1339235668.py:186]:      44/99    0.0001     0.497     0.678      1.17         6       800         0         0     0.811         0

2022-05-18 23:34:40,330: INFO: [1339235668.py:23]: Hyper Paramters: {'lr0': 0.0001, 'warmup_lr': 1e-05, 'warm_epoch': 5.0, 'num_classes': 15.0, 'epochs': 100.0, 'batch_size': 8.0, 'save_interval': 5.0, 'test_interval': 2.0}
2022-05-18 23:34:40,338: INFO: [1339235668.py:29]: Train path:/home/aistudio/data/DOTA/trainval.txt  batch size:8
2022-05-18 23:34:44,827: INFO: [download.py:117]: unique_endpoints {''}
2022-05-18 23:34:44,827: INFO: [download.py:269]: File /home/aistudio/.cache/paddle/hapi/weights/resnet50.pdparams md5 checking...
2022-05-18 23:34:45,191: INFO: [download.py:154]: Found /home/aistudio/.cache/paddle/hapi/weights/resnet50.pdparams
2022-05-19 00:09:08,978: INFO: [1339235668.py:186]:      45/99    0.0001     0.486     0.673      1.16        16       800         0         0         0         0

2022-05-19 00:09:35,793: INFO: [1339235668.py:23]: Hyper Paramters: {'lr0': 0.0001, 'warmup_lr': 1e-05, 'warm_epoch': 5.0, 'num_classes': 15.0, 'epochs': 100.0, 'batch_size': 8.0, 'save_interval': 5.0, 'test_interval': 2.0}
2022-05-19 00:09:35,801: INFO: [1339235668.py:29]: Train path:/home/aistudio/data/DOTA/trainval.txt  batch size:8
2022-05-19 00:09:40,117: INFO: [download.py:117]: unique_endpoints {''}
2022-05-19 00:09:40,119: INFO: [download.py:269]: File /home/aistudio/.cache/paddle/hapi/weights/resnet50.pdparams md5 checking...
2022-05-19 00:09:40,471: INFO: [download.py:154]: Found /home/aistudio/.cache/paddle/hapi/weights/resnet50.pdparams
2022-05-19 00:58:28,678: INFO: [1339235668.py:186]:      46/99    0.0001     0.477     0.668      1.15        16       800         0         0     0.799         0

2022-05-19 01:32:48,336: INFO: [1339235668.py:186]:      47/99    0.0001     0.484     0.671      1.16         6       800         0         0     0.799         0

2022-05-19 02:22:22,233: INFO: [1339235668.py:186]:      48/99    0.0001     0.487     0.673      1.16        86       800         0         0     0.822         0

2022-05-19 09:24:26,927: INFO: [1339235668.py:23]: Hyper Paramters: {'lr0': 0.0001, 'warmup_lr': 1e-05, 'warm_epoch': 5.0, 'num_classes': 15.0, 'epochs': 100.0, 'batch_size': 8.0, 'save_interval': 5.0, 'test_interval': 2.0}
2022-05-19 09:24:26,935: INFO: [1339235668.py:29]: Train path:/home/aistudio/data/DOTA/trainval.txt  batch size:8
2022-05-19 09:24:31,370: INFO: [download.py:117]: unique_endpoints {''}
2022-05-19 09:24:31,371: INFO: [download.py:269]: File /home/aistudio/.cache/paddle/hapi/weights/resnet50.pdparams md5 checking...
2022-05-19 09:24:31,725: INFO: [download.py:154]: Found /home/aistudio/.cache/paddle/hapi/weights/resnet50.pdparams
2022-05-19 09:58:57,328: INFO: [1339235668.py:186]:      49/99    0.0001     0.476     0.667      1.14        16       800         0         0         0         0

2022-05-19 10:48:48,778: INFO: [1339235668.py:186]:      50/99    0.0001     0.472     0.648      1.12         6       800         0         0     0.824         0

2022-05-19 10:49:38,348: INFO: [1339235668.py:23]: Hyper Paramters: {'lr0': 0.0001, 'warmup_lr': 1e-05, 'warm_epoch': 5.0, 'num_classes': 15.0, 'epochs': 100.0, 'batch_size': 8.0, 'save_interval': 5.0, 'test_interval': 2.0}
2022-05-19 10:49:38,357: INFO: [1339235668.py:29]: Train path:/home/aistudio/data/DOTA/trainval.txt  batch size:8
2022-05-19 10:49:42,543: INFO: [download.py:117]: unique_endpoints {''}
2022-05-19 10:49:42,543: INFO: [download.py:269]: File /home/aistudio/.cache/paddle/hapi/weights/resnet50.pdparams md5 checking...
2022-05-19 10:49:42,893: INFO: [download.py:154]: Found /home/aistudio/.cache/paddle/hapi/weights/resnet50.pdparams
2022-05-19 11:23:56,675: INFO: [1339235668.py:186]:      51/99    0.0001     0.467     0.657      1.12        16       800         0         0         0         0

2022-05-19 12:13:52,314: INFO: [1339235668.py:186]:      52/99    0.0001     0.469     0.667      1.14         6       800         0         0     0.822         0

2022-05-19 12:52:27,722: INFO: [1339235668.py:23]: Hyper Paramters: {'lr0': 0.0001, 'warmup_lr': 1e-05, 'warm_epoch': 5.0, 'num_classes': 15.0, 'epochs': 100.0, 'batch_size': 8.0, 'save_interval': 5.0, 'test_interval': 2.0}
2022-05-19 12:52:27,765: INFO: [1339235668.py:29]: Train path:/home/aistudio/data/DOTA/trainval.txt  batch size:8
2022-05-19 12:52:32,093: INFO: [download.py:117]: unique_endpoints {''}
2022-05-19 12:52:32,093: INFO: [download.py:269]: File /home/aistudio/.cache/paddle/hapi/weights/resnet50.pdparams md5 checking...
2022-05-19 12:52:33,216: INFO: [download.py:154]: Found /home/aistudio/.cache/paddle/hapi/weights/resnet50.pdparams
2022-05-19 13:26:58,261: INFO: [1339235668.py:186]:      53/99    0.0001     0.463     0.652      1.11        16       800         0         0         0         0

2022-05-19 14:02:20,711: INFO: [1339235668.py:23]: Hyper Paramters: {'lr0': 0.0001, 'warmup_lr': 1e-05, 'warm_epoch': 5.0, 'num_classes': 15.0, 'epochs': 100.0, 'batch_size': 8.0, 'save_interval': 5.0, 'test_interval': 2.0}
2022-05-19 14:02:20,720: INFO: [1339235668.py:29]: Train path:/home/aistudio/data/DOTA/trainval.txt  batch size:8
2022-05-19 14:02:24,891: INFO: [download.py:117]: unique_endpoints {''}
2022-05-19 14:02:24,891: INFO: [download.py:269]: File /home/aistudio/.cache/paddle/hapi/weights/resnet50.pdparams md5 checking...
2022-05-19 14:02:25,240: INFO: [download.py:154]: Found /home/aistudio/.cache/paddle/hapi/weights/resnet50.pdparams
2022-05-19 14:37:28,653: INFO: [1339235668.py:23]: Hyper Paramters: {'lr0': 0.0001, 'warmup_lr': 1e-05, 'warm_epoch': 5.0, 'num_classes': 15.0, 'epochs': 100.0, 'batch_size': 8.0, 'save_interval': 5.0, 'test_interval': 2.0}
2022-05-19 14:37:28,660: INFO: [1339235668.py:29]: Train path:/home/aistudio/data/DOTA/trainval.txt  batch size:8
2022-05-19 14:37:32,961: INFO: [download.py:117]: unique_endpoints {''}
2022-05-19 14:37:32,961: INFO: [download.py:269]: File /home/aistudio/.cache/paddle/hapi/weights/resnet50.pdparams md5 checking...
2022-05-19 14:37:33,449: INFO: [download.py:154]: Found /home/aistudio/.cache/paddle/hapi/weights/resnet50.pdparams
2022-05-19 14:38:03,423: INFO: [1339235668.py:23]: Hyper Paramters: {'lr0': 0.0001, 'warmup_lr': 1e-05, 'warm_epoch': 5.0, 'num_classes': 15.0, 'epochs': 100.0, 'batch_size': 8.0, 'save_interval': 5.0, 'test_interval': 4.0}
2022-05-19 14:38:03,432: INFO: [1339235668.py:29]: Train path:/home/aistudio/data/DOTA/trainval.txt  batch size:8
2022-05-19 14:38:07,576: INFO: [download.py:117]: unique_endpoints {''}
2022-05-19 14:38:07,576: INFO: [download.py:269]: File /home/aistudio/.cache/paddle/hapi/weights/resnet50.pdparams md5 checking...
2022-05-19 14:38:07,929: INFO: [download.py:154]: Found /home/aistudio/.cache/paddle/hapi/weights/resnet50.pdparams
2022-05-19 15:13:37,733: INFO: [1339235668.py:186]:      54/99    0.0001     0.459     0.648      1.11        16       800         0         0         0         0

2022-05-19 15:49:09,288: INFO: [1339235668.py:186]:      55/99    0.0001      0.46     0.642       1.1         6       800         0         0         0         0

2022-05-19 15:57:25,013: INFO: [1339235668.py:23]: Hyper Paramters: {'lr0': 0.0001, 'warmup_lr': 1e-05, 'warm_epoch': 5.0, 'num_classes': 15.0, 'epochs': 100.0, 'batch_size': 8.0, 'save_interval': 5.0, 'test_interval': 4.0}
2022-05-19 15:57:25,021: INFO: [1339235668.py:29]: Train path:/home/aistudio/data/DOTA/trainval.txt  batch size:8
2022-05-19 15:57:29,187: INFO: [download.py:117]: unique_endpoints {''}
2022-05-19 15:57:29,187: INFO: [download.py:269]: File /home/aistudio/.cache/paddle/hapi/weights/resnet50.pdparams md5 checking...
2022-05-19 15:57:29,537: INFO: [download.py:154]: Found /home/aistudio/.cache/paddle/hapi/weights/resnet50.pdparams
2022-05-19 16:48:26,758: INFO: [1339235668.py:186]:      56/99    0.0001     0.458     0.644       1.1        16       800         0         0     0.832         0

2022-05-19 16:50:07,625: INFO: [1339235668.py:23]: Hyper Paramters: {'lr0': 0.0001, 'warmup_lr': 1e-05, 'warm_epoch': 5.0, 'num_classes': 15.0, 'epochs': 100.0, 'batch_size': 8.0, 'save_interval': 5.0, 'test_interval': 4.0}
2022-05-19 16:50:07,633: INFO: [1339235668.py:29]: Train path:/home/aistudio/data/DOTA/trainval.txt  batch size:8
2022-05-19 16:50:11,811: INFO: [download.py:117]: unique_endpoints {''}
2022-05-19 16:50:11,812: INFO: [download.py:269]: File /home/aistudio/.cache/paddle/hapi/weights/resnet50.pdparams md5 checking...
2022-05-19 16:50:12,161: INFO: [download.py:154]: Found /home/aistudio/.cache/paddle/hapi/weights/resnet50.pdparams
2022-05-19 17:25:06,276: INFO: [1339235668.py:186]:      57/99    0.0001     0.459      0.65      1.11        16       800         0         0         0         0

2022-05-19 18:00:35,786: INFO: [1339235668.py:186]:      58/99    0.0001     0.454     0.644       1.1         6       800         0         0         0         0

2022-05-19 18:01:28,969: INFO: [1339235668.py:23]: Hyper Paramters: {'lr0': 0.0001, 'warmup_lr': 1e-05, 'warm_epoch': 5.0, 'num_classes': 15.0, 'epochs': 100.0, 'batch_size': 8.0, 'save_interval': 5.0, 'test_interval': 4.0}
2022-05-19 18:01:28,978: INFO: [1339235668.py:29]: Train path:/home/aistudio/data/DOTA/trainval.txt  batch size:8
2022-05-19 18:01:33,147: INFO: [download.py:117]: unique_endpoints {''}
2022-05-19 18:01:33,147: INFO: [download.py:269]: File /home/aistudio/.cache/paddle/hapi/weights/resnet50.pdparams md5 checking...
2022-05-19 18:01:33,495: INFO: [download.py:154]: Found /home/aistudio/.cache/paddle/hapi/weights/resnet50.pdparams
2022-05-19 18:36:10,682: INFO: [1339235668.py:186]:      59/99    0.0001      0.45     0.638      1.09        16       800         0         0         0         0

2022-05-19 19:26:47,099: INFO: [1339235668.py:186]:      60/99    0.0001     0.449     0.641      1.09         6       800         0         0     0.835         0

2022-05-19 20:02:04,470: INFO: [1339235668.py:23]: Hyper Paramters: {'lr0': 0.0001, 'warmup_lr': 1e-05, 'warm_epoch': 5.0, 'num_classes': 15.0, 'epochs': 100.0, 'batch_size': 8.0, 'save_interval': 5.0, 'test_interval': 4.0}
2022-05-19 20:02:04,515: INFO: [1339235668.py:29]: Train path:/home/aistudio/data/DOTA/trainval.txt  batch size:8
2022-05-19 20:02:09,108: INFO: [download.py:117]: unique_endpoints {''}
2022-05-19 20:02:09,108: INFO: [download.py:269]: File /home/aistudio/.cache/paddle/hapi/weights/resnet50.pdparams md5 checking...
2022-05-19 20:02:12,370: INFO: [download.py:154]: Found /home/aistudio/.cache/paddle/hapi/weights/resnet50.pdparams
2022-05-19 20:37:43,145: INFO: [1339235668.py:186]:      61/99    0.0001     0.457     0.639       1.1        16       800         0         0         0         0

2022-05-19 21:15:36,473: INFO: [1339235668.py:186]:      62/99    0.0001     0.451      0.63      1.08         6       800         0         0         0         0

2022-05-19 21:27:39,297: INFO: [1339235668.py:23]: Hyper Paramters: {'lr0': 0.0001, 'warmup_lr': 1e-05, 'warm_epoch': 5.0, 'num_classes': 15.0, 'epochs': 100.0, 'batch_size': 8.0, 'save_interval': 5.0, 'test_interval': 4.0}
2022-05-19 21:27:39,305: INFO: [1339235668.py:29]: Train path:/home/aistudio/data/DOTA/trainval.txt  batch size:8
2022-05-19 21:27:43,620: INFO: [download.py:117]: unique_endpoints {''}
2022-05-19 21:27:43,620: INFO: [download.py:269]: File /home/aistudio/.cache/paddle/hapi/weights/resnet50.pdparams md5 checking...
2022-05-19 21:27:43,965: INFO: [download.py:154]: Found /home/aistudio/.cache/paddle/hapi/weights/resnet50.pdparams
2022-05-19 22:03:57,563: INFO: [1339235668.py:186]:      63/99    0.0001     0.442     0.632      1.07        15       800         0         0         0         0

2022-05-19 22:33:57,823: INFO: [1339235668.py:23]: Hyper Paramters: {'lr0': 0.0001, 'warmup_lr': 1e-05, 'warm_epoch': 5.0, 'num_classes': 15.0, 'epochs': 100.0, 'batch_size': 8.0, 'save_interval': 5.0, 'test_interval': 4.0}
2022-05-19 22:33:57,830: INFO: [1339235668.py:29]: Train path:/home/aistudio/data/DOTA/trainval.txt  batch size:8
2022-05-19 22:34:01,941: INFO: [download.py:117]: unique_endpoints {''}
2022-05-19 22:34:01,941: INFO: [download.py:269]: File /home/aistudio/.cache/paddle/hapi/weights/resnet50.pdparams md5 checking...
2022-05-19 22:34:02,285: INFO: [download.py:154]: Found /home/aistudio/.cache/paddle/hapi/weights/resnet50.pdparams
2022-05-19 23:25:08,819: INFO: [1339235668.py:186]:      64/99    0.0001     0.447     0.641      1.09        16       800         0         0     0.837         0

2022-05-20 00:00:33,102: INFO: [1339235668.py:186]:      65/99    0.0001     0.443     0.635      1.08         6       800         0         0     0.837         0

2022-05-20 00:15:53,521: INFO: [1339235668.py:23]: Hyper Paramters: {'lr0': 0.0001, 'warmup_lr': 1e-05, 'warm_epoch': 5.0, 'num_classes': 15.0, 'epochs': 100.0, 'batch_size': 8.0, 'save_interval': 5.0, 'test_interval': 4.0}
2022-05-20 00:15:53,529: INFO: [1339235668.py:29]: Train path:/home/aistudio/data/DOTA/trainval.txt  batch size:8
2022-05-20 00:15:57,890: INFO: [download.py:117]: unique_endpoints {''}
2022-05-20 00:15:57,890: INFO: [download.py:269]: File /home/aistudio/.cache/paddle/hapi/weights/resnet50.pdparams md5 checking...
2022-05-20 00:15:58,236: INFO: [download.py:154]: Found /home/aistudio/.cache/paddle/hapi/weights/resnet50.pdparams
2022-05-20 00:51:28,467: INFO: [1339235668.py:186]:      66/99    0.0001     0.438     0.642      1.08        16       800         0         0         0         0

2022-05-20 01:28:05,695: INFO: [1339235668.py:186]:      67/99    0.0001     0.439     0.627      1.07         6       800         0         0         0         0

2022-05-20 02:21:05,376: INFO: [1339235668.py:186]:      68/99    0.0001     0.438     0.629      1.07        86       800         0         0     0.851         0

2022-05-20 09:31:11,685: INFO: [1339235668.py:23]: Hyper Paramters: {'lr0': 0.0001, 'warmup_lr': 1e-05, 'warm_epoch': 5.0, 'num_classes': 15.0, 'epochs': 100.0, 'batch_size': 8.0, 'save_interval': 5.0, 'test_interval': 4.0}
2022-05-20 09:31:11,700: INFO: [1339235668.py:29]: Train path:/home/aistudio/data/DOTA/trainval.txt  batch size:8
2022-05-20 09:31:16,454: INFO: [download.py:117]: unique_endpoints {''}
2022-05-20 09:31:16,454: INFO: [download.py:269]: File /home/aistudio/.cache/paddle/hapi/weights/resnet50.pdparams md5 checking...
2022-05-20 09:31:18,067: INFO: [download.py:154]: Found /home/aistudio/.cache/paddle/hapi/weights/resnet50.pdparams
2022-05-20 10:07:09,434: INFO: [1339235668.py:186]:      69/99    0.0001      0.43     0.625      1.05        16       800         0         0         0         0

2022-05-20 10:43:07,835: INFO: [1339235668.py:186]:      70/99    0.0001     0.436     0.622      1.06         6       800         0         0         0         0

2022-05-20 10:47:44,982: INFO: [1339235668.py:23]: Hyper Paramters: {'lr0': 0.0001, 'warmup_lr': 1e-05, 'warm_epoch': 5.0, 'num_classes': 15.0, 'epochs': 100.0, 'batch_size': 8.0, 'save_interval': 5.0, 'test_interval': 4.0}
2022-05-20 10:47:44,990: INFO: [1339235668.py:29]: Train path:/home/aistudio/data/DOTA/trainval.txt  batch size:8
2022-05-20 10:47:49,026: INFO: [download.py:117]: unique_endpoints {''}
2022-05-20 10:47:49,026: INFO: [download.py:269]: File /home/aistudio/.cache/paddle/hapi/weights/resnet50.pdparams md5 checking...
2022-05-20 10:47:49,372: INFO: [download.py:154]: Found /home/aistudio/.cache/paddle/hapi/weights/resnet50.pdparams
2022-05-20 11:23:01,173: INFO: [1339235668.py:186]:      71/99    0.0001     0.431      0.62      1.05        16       800         0         0         0         0

2022-05-20 12:14:46,313: INFO: [1339235668.py:186]:      72/99    0.0001     0.432     0.615      1.05         6       800         0         0     0.853         0

2022-05-20 12:15:17,140: INFO: [1339235668.py:23]: Hyper Paramters: {'lr0': 0.0001, 'warmup_lr': 1e-05, 'warm_epoch': 5.0, 'num_classes': 15.0, 'epochs': 100.0, 'batch_size': 8.0, 'save_interval': 5.0, 'test_interval': 4.0}
2022-05-20 12:15:17,148: INFO: [1339235668.py:29]: Train path:/home/aistudio/data/DOTA/trainval.txt  batch size:8
2022-05-20 12:15:21,262: INFO: [download.py:117]: unique_endpoints {''}
2022-05-20 12:15:21,262: INFO: [download.py:269]: File /home/aistudio/.cache/paddle/hapi/weights/resnet50.pdparams md5 checking...
2022-05-20 12:15:21,613: INFO: [download.py:154]: Found /home/aistudio/.cache/paddle/hapi/weights/resnet50.pdparams
2022-05-20 12:52:11,278: INFO: [1339235668.py:186]:      73/99    0.0001     0.431     0.619      1.05        16       800         0         0         0         0

2022-05-20 13:27:52,076: INFO: [1339235668.py:186]:      74/99    0.0001     0.426     0.628      1.05         6       800         0         0         0         0

2022-05-20 13:28:29,361: INFO: [1339235668.py:23]: Hyper Paramters: {'lr0': 0.0001, 'warmup_lr': 1e-05, 'warm_epoch': 5.0, 'num_classes': 15.0, 'epochs': 100.0, 'batch_size': 8.0, 'save_interval': 5.0, 'test_interval': 4.0}
2022-05-20 13:28:29,369: INFO: [1339235668.py:29]: Train path:/home/aistudio/data/DOTA/trainval.txt  batch size:8
2022-05-20 13:28:33,714: INFO: [download.py:117]: unique_endpoints {''}
2022-05-20 13:28:33,715: INFO: [download.py:269]: File /home/aistudio/.cache/paddle/hapi/weights/resnet50.pdparams md5 checking...
2022-05-20 13:28:34,063: INFO: [download.py:154]: Found /home/aistudio/.cache/paddle/hapi/weights/resnet50.pdparams
2022-05-20 14:04:46,263: INFO: [1339235668.py:186]:      75/99    0.0001     0.426     0.612      1.04        16       800         0         0         0         0

2022-05-20 14:57:28,856: INFO: [1339235668.py:186]:      76/99     1e-05     0.377     0.566     0.943         6       800         0         0     0.874         0

2022-05-20 15:32:28,651: INFO: [1339235668.py:186]:      77/99     1e-05     0.366     0.555     0.921        86       800         0         0     0.874         0

2022-05-20 16:05:29,476: INFO: [1339235668.py:23]: Hyper Paramters: {'lr0': 0.0001, 'warmup_lr': 1e-05, 'warm_epoch': 5.0, 'num_classes': 15.0, 'epochs': 100.0, 'batch_size': 8.0, 'save_interval': 5.0, 'test_interval': 4.0}
2022-05-20 16:05:29,490: INFO: [1339235668.py:29]: Train path:/home/aistudio/data/DOTA/trainval.txt  batch size:8
2022-05-20 16:05:33,832: INFO: [download.py:117]: unique_endpoints {''}
2022-05-20 16:05:33,832: INFO: [download.py:269]: File /home/aistudio/.cache/paddle/hapi/weights/resnet50.pdparams md5 checking...
2022-05-20 16:05:35,081: INFO: [download.py:154]: Found /home/aistudio/.cache/paddle/hapi/weights/resnet50.pdparams
2022-05-20 16:11:17,599: INFO: [2827467963.py:23]: Hyper Paramters: {'lr0': 0.0001, 'warmup_lr': 1e-05, 'warm_epoch': 5.0, 'num_classes': 15.0, 'epochs': 100.0, 'batch_size': 8.0, 'save_interval': 5.0, 'test_interval': 4.0}
2022-05-20 16:11:17,608: INFO: [2827467963.py:29]: Train path:/home/aistudio/data/DOTA/trainval.txt  batch size:8
2022-05-20 16:11:21,841: INFO: [download.py:117]: unique_endpoints {''}
2022-05-20 16:11:21,842: INFO: [download.py:269]: File /home/aistudio/.cache/paddle/hapi/weights/resnet50.pdparams md5 checking...
2022-05-20 16:11:22,182: INFO: [download.py:154]: Found /home/aistudio/.cache/paddle/hapi/weights/resnet50.pdparams
2022-05-20 17:35:18,816: INFO: [1537908528.py:23]: Hyper Paramters: {'lr0': 0.0001, 'warmup_lr': 1e-05, 'warm_epoch': 5.0, 'num_classes': 15.0, 'epochs': 100.0, 'batch_size': 8.0, 'save_interval': 5.0, 'test_interval': 4.0}
2022-05-20 17:35:18,824: INFO: [1537908528.py:29]: Train path:/home/aistudio/data/DOTA/trainval.txt  batch size:8
2022-05-20 17:35:23,256: INFO: [download.py:117]: unique_endpoints {''}
2022-05-20 17:35:23,256: INFO: [download.py:269]: File /home/aistudio/.cache/paddle/hapi/weights/resnet50.pdparams md5 checking...
2022-05-20 17:35:23,597: INFO: [download.py:154]: Found /home/aistudio/.cache/paddle/hapi/weights/resnet50.pdparams
2022-05-20 18:11:29,724: INFO: [1537908528.py:189]:      78/99     1e-05     0.361     0.553     0.914        16       800         0         0         0         0

2022-05-20 18:46:34,900: INFO: [1537908528.py:189]:      79/99     1e-05     0.354     0.548     0.902         6       800         0         0         0         0

2022-05-20 18:51:33,650: INFO: [1537908528.py:23]: Hyper Paramters: {'lr0': 0.0001, 'warmup_lr': 1e-05, 'warm_epoch': 5.0, 'num_classes': 15.0, 'epochs': 100.0, 'batch_size': 8.0, 'save_interval': 5.0, 'test_interval': 4.0}
2022-05-20 18:51:33,659: INFO: [1537908528.py:29]: Train path:/home/aistudio/data/DOTA/trainval.txt  batch size:8
2022-05-20 18:51:37,710: INFO: [download.py:117]: unique_endpoints {''}
2022-05-20 18:51:37,711: INFO: [download.py:269]: File /home/aistudio/.cache/paddle/hapi/weights/resnet50.pdparams md5 checking...
2022-05-20 18:51:38,056: INFO: [download.py:154]: Found /home/aistudio/.cache/paddle/hapi/weights/resnet50.pdparams
2022-05-20 19:40:46,856: INFO: [1537908528.py:189]:      80/99     1e-05     0.353     0.544     0.897        16       800         0         0     0.881         0

2022-05-20 20:12:54,866: INFO: [1537908528.py:23]: Hyper Paramters: {'lr0': 0.0001, 'warmup_lr': 1e-05, 'warm_epoch': 5.0, 'num_classes': 15.0, 'epochs': 100.0, 'batch_size': 8.0, 'save_interval': 5.0, 'test_interval': 4.0}
2022-05-20 20:12:54,881: INFO: [1537908528.py:29]: Train path:/home/aistudio/data/DOTA/trainval.txt  batch size:8
2022-05-20 20:12:59,380: INFO: [download.py:117]: unique_endpoints {''}
2022-05-20 20:12:59,380: INFO: [download.py:269]: File /home/aistudio/.cache/paddle/hapi/weights/resnet50.pdparams md5 checking...
2022-05-20 20:13:00,440: INFO: [download.py:154]: Found /home/aistudio/.cache/paddle/hapi/weights/resnet50.pdparams
2022-05-20 20:48:00,041: INFO: [1537908528.py:189]:      81/99     1e-05     0.346     0.542     0.888        16       800         0         0         0         0

2022-05-20 21:22:55,091: INFO: [1537908528.py:189]:      82/99     1e-05     0.341     0.537     0.878         6       800         0         0         0         0

2022-05-20 21:57:46,970: INFO: [1537908528.py:189]:      83/99     1e-05     0.354     0.547     0.901        83       800         0         0         0         0

2022-05-20 22:15:15,721: INFO: [1537908528.py:23]: Hyper Paramters: {'lr0': 0.0001, 'warmup_lr': 1e-05, 'warm_epoch': 5.0, 'num_classes': 15.0, 'epochs': 100.0, 'batch_size': 8.0, 'save_interval': 5.0, 'test_interval': 4.0}
2022-05-20 22:15:15,729: INFO: [1537908528.py:29]: Train path:/home/aistudio/data/DOTA/trainval.txt  batch size:8
2022-05-20 22:15:19,937: INFO: [download.py:117]: unique_endpoints {''}
2022-05-20 22:15:19,937: INFO: [download.py:269]: File /home/aistudio/.cache/paddle/hapi/weights/resnet50.pdparams md5 checking...
2022-05-20 22:15:20,289: INFO: [download.py:154]: Found /home/aistudio/.cache/paddle/hapi/weights/resnet50.pdparams
2022-05-20 23:05:41,995: INFO: [1537908528.py:189]:      84/99     1e-05     0.342      0.54     0.881        16       800         0         0     0.885         0

2022-05-20 23:45:18,894: INFO: [1537908528.py:23]: Hyper Paramters: {'lr0': 0.0001, 'warmup_lr': 1e-05, 'warm_epoch': 5.0, 'num_classes': 15.0, 'epochs': 100.0, 'batch_size': 8.0, 'save_interval': 5.0, 'test_interval': 4.0}
2022-05-20 23:45:18,909: INFO: [1537908528.py:29]: Train path:/home/aistudio/data/DOTA/trainval.txt  batch size:8
2022-05-20 23:45:23,539: INFO: [download.py:117]: unique_endpoints {''}
2022-05-20 23:45:23,539: INFO: [download.py:269]: File /home/aistudio/.cache/paddle/hapi/weights/resnet50.pdparams md5 checking...
2022-05-20 23:45:24,584: INFO: [download.py:154]: Found /home/aistudio/.cache/paddle/hapi/weights/resnet50.pdparams
2022-05-21 00:20:38,131: INFO: [1537908528.py:189]:      85/99     1e-05     0.344     0.534     0.878        16       800         0         0         0         0

2022-05-21 00:21:34,983: INFO: [1537908528.py:23]: Hyper Paramters: {'lr0': 0.0001, 'warmup_lr': 1e-05, 'warm_epoch': 5.0, 'num_classes': 15.0, 'epochs': 100.0, 'batch_size': 8.0, 'save_interval': 5.0, 'test_interval': 4.0}
2022-05-21 00:21:34,990: INFO: [1537908528.py:29]: Train path:/home/aistudio/data/DOTA/trainval.txt  batch size:8
2022-05-21 00:21:39,357: INFO: [download.py:117]: unique_endpoints {''}
2022-05-21 00:21:39,357: INFO: [download.py:269]: File /home/aistudio/.cache/paddle/hapi/weights/resnet50.pdparams md5 checking...
2022-05-21 00:21:39,707: INFO: [download.py:154]: Found /home/aistudio/.cache/paddle/hapi/weights/resnet50.pdparams
2022-05-21 00:56:23,622: INFO: [1537908528.py:189]:      86/99     1e-05      0.34     0.526     0.866        16       800         0         0         0         0

2022-05-21 01:30:14,838: INFO: [1537908528.py:189]:      87/99     1e-05     0.339     0.535     0.874         6       800         0         0         0         0

2022-05-21 02:19:13,552: INFO: [1537908528.py:189]:      88/99     1e-05     0.345     0.541     0.886        83       800         0         0     0.888         0

2022-05-21 10:00:58,560: INFO: [1537908528.py:23]: Hyper Paramters: {'lr0': 0.0001, 'warmup_lr': 1e-05, 'warm_epoch': 5.0, 'num_classes': 15.0, 'epochs': 100.0, 'batch_size': 8.0, 'save_interval': 5.0, 'test_interval': 4.0}
2022-05-21 10:00:58,574: INFO: [1537908528.py:29]: Train path:/home/aistudio/data/DOTA/trainval.txt  batch size:8
2022-05-21 10:01:02,721: INFO: [download.py:117]: unique_endpoints {''}
2022-05-21 10:01:02,721: INFO: [download.py:269]: File /home/aistudio/.cache/paddle/hapi/weights/resnet50.pdparams md5 checking...
2022-05-21 10:01:03,894: INFO: [download.py:154]: Found /home/aistudio/.cache/paddle/hapi/weights/resnet50.pdparams
2022-05-21 10:35:05,687: INFO: [1537908528.py:189]:      89/99     1e-05     0.337     0.528     0.865        16       800         0         0         0         0

2022-05-21 11:09:22,041: INFO: [1537908528.py:189]:      90/99     1e-05     0.339     0.525     0.863         5       800         0         0         0         0

2022-05-21 11:43:37,693: INFO: [1537908528.py:189]:      91/99     1e-05     0.338     0.521     0.859        85       800         0         0         0         0

2022-05-21 11:44:06,958: INFO: [1537908528.py:23]: Hyper Paramters: {'lr0': 0.0001, 'warmup_lr': 1e-05, 'warm_epoch': 5.0, 'num_classes': 15.0, 'epochs': 100.0, 'batch_size': 8.0, 'save_interval': 5.0, 'test_interval': 4.0}
2022-05-21 11:44:06,966: INFO: [1537908528.py:29]: Train path:/home/aistudio/data/DOTA/trainval.txt  batch size:8
2022-05-21 11:44:10,971: INFO: [download.py:117]: unique_endpoints {''}
2022-05-21 11:44:10,971: INFO: [download.py:269]: File /home/aistudio/.cache/paddle/hapi/weights/resnet50.pdparams md5 checking...
2022-05-21 11:44:11,318: INFO: [download.py:154]: Found /home/aistudio/.cache/paddle/hapi/weights/resnet50.pdparams
2022-05-21 12:33:39,065: INFO: [1537908528.py:189]:      92/99     1e-05     0.339     0.532     0.871        16       800         0         0     0.889         0

2022-05-21 13:08:05,574: INFO: [1537908528.py:189]:      93/99     1e-05     0.323     0.515     0.838         6       800         0         0     0.889         0

2022-05-21 13:44:03,099: INFO: [1537908528.py:23]: Hyper Paramters: {'lr0': 0.0001, 'warmup_lr': 1e-05, 'warm_epoch': 5.0, 'num_classes': 15.0, 'epochs': 100.0, 'batch_size': 8.0, 'save_interval': 5.0, 'test_interval': 4.0}
2022-05-21 13:44:03,113: INFO: [1537908528.py:29]: Train path:/home/aistudio/data/DOTA/trainval.txt  batch size:8
2022-05-21 13:44:07,222: INFO: [download.py:117]: unique_endpoints {''}
2022-05-21 13:44:07,223: INFO: [download.py:269]: File /home/aistudio/.cache/paddle/hapi/weights/resnet50.pdparams md5 checking...
2022-05-21 13:44:08,272: INFO: [download.py:154]: Found /home/aistudio/.cache/paddle/hapi/weights/resnet50.pdparams
2022-05-21 14:17:57,072: INFO: [1537908528.py:189]:      94/99     1e-05     0.329     0.516     0.845        16       800         0         0         0         0

2022-05-21 14:51:48,185: INFO: [1537908528.py:189]:      95/99     1e-05     0.328     0.511     0.838         6       800         0         0         0         0

2022-05-21 16:05:12,330: INFO: [1537908528.py:23]: Hyper Paramters: {'lr0': 0.0001, 'warmup_lr': 1e-05, 'warm_epoch': 5.0, 'num_classes': 15.0, 'epochs': 100.0, 'batch_size': 8.0, 'save_interval': 5.0, 'test_interval': 4.0}
2022-05-21 16:05:12,371: INFO: [1537908528.py:29]: Train path:/home/aistudio/data/DOTA/trainval.txt  batch size:8
2022-05-21 16:05:16,568: INFO: [download.py:117]: unique_endpoints {''}
2022-05-21 16:05:16,569: INFO: [download.py:269]: File /home/aistudio/.cache/paddle/hapi/weights/resnet50.pdparams md5 checking...
2022-05-21 16:05:17,629: INFO: [download.py:154]: Found /home/aistudio/.cache/paddle/hapi/weights/resnet50.pdparams
2022-05-21 16:55:31,862: INFO: [1537908528.py:189]:      96/99     1e-06     0.331     0.526     0.857        16       800         0         0     0.894         0

2022-05-21 17:57:38,812: INFO: [1537908528.py:23]: Hyper Paramters: {'lr0': 0.0001, 'warmup_lr': 1e-05, 'warm_epoch': 5.0, 'num_classes': 15.0, 'epochs': 100.0, 'batch_size': 8.0, 'save_interval': 5.0, 'test_interval': 4.0}
2022-05-21 17:57:38,827: INFO: [1537908528.py:29]: Train path:/home/aistudio/data/DOTA/trainval.txt  batch size:8
2022-05-21 17:57:42,942: INFO: [download.py:117]: unique_endpoints {''}
2022-05-21 17:57:42,942: INFO: [download.py:269]: File /home/aistudio/.cache/paddle/hapi/weights/resnet50.pdparams md5 checking...
2022-05-21 17:57:43,978: INFO: [download.py:154]: Found /home/aistudio/.cache/paddle/hapi/weights/resnet50.pdparams
2022-05-21 18:31:51,683: INFO: [1537908528.py:189]:      97/99     1e-06     0.334     0.512     0.846        16       800         0         0         0         0

2022-05-21 19:06:00,290: INFO: [1537908528.py:189]:      98/99     1e-06     0.332      0.52     0.852         6       800         0         0         0         0

2022-05-21 19:40:18,270: INFO: [1537908528.py:189]:      99/99     1e-06     0.337     0.515     0.852        86       800         0         0         0         0